2023-11-29 14:13:49.8568|0|ERROR|Microsoft.EntityFrameworkCore.Database.Command|Failed executing DbCommand (5ms) [Parameters=[], CommandType='Text', CommandTimeout='30']
INSERT INTO `AspNetUserRoles` (`RoleId`, `UserId`, `Discriminator`)
VALUES ('c1170fd6-8dda-11ee-b507-e86a64b47aae', '668f96df-8e03-11ee-b507-e86a64b47aae', 'UserRole'); 
2023-11-29 14:18:10.8220|0|ERROR|Microsoft.EntityFrameworkCore.Database.Command|Failed executing DbCommand (4ms) [Parameters=[], CommandType='Text', CommandTimeout='30']
CREATE TABLE `AspNetRoles` (
    `Id` varchar(255) CHARACTER SET utf8mb4 NOT NULL,
    `Name` varchar(256) CHARACTER SET utf8mb4 NULL,
    `NormalizedName` varchar(256) CHARACTER SET utf8mb4 NULL,
    `ConcurrencyStamp` longtext CHARACTER SET utf8mb4 NULL,
    CONSTRAINT `PK_AspNetRoles` PRIMARY KEY (`Id`)
) CHARACTER SET=utf8mb4; 
2023-11-29 14:47:23.4368|0|ERROR|Microsoft.EntityFrameworkCore.Database.Command|Failed executing DbCommand (15ms) [Parameters=[], CommandType='Text', CommandTimeout='30']
INSERT INTO `BankAccounts` (`Id`, `AccountNumber`, `BankName`, `CreatedBy`, `CreatedOn`, `DeletedBy`, `DeletedOn`, `FundId`, `IsDeleted`, `UpdatedBy`, `UpdatedOn`)
VALUES (1, '12345678', 'SBI', '668f96df-8e03-11ee-b507-e86a64b47aae', TIMESTAMP '2023-11-29 09:17:08', NULL, NULL, 0, FALSE, NULL, NULL),
(2, '48395847', 'ICICI', '668f96df-8e03-11ee-b507-e86a64b47aae', TIMESTAMP '2023-11-29 09:17:08', NULL, NULL, 0, FALSE, NULL, NULL),
(3, '49573625', 'HDFC', '668f96df-8e03-11ee-b507-e86a64b47aae', TIMESTAMP '2023-11-29 09:17:08', NULL, NULL, 0, FALSE, NULL, NULL); 
2023-11-29 14:48:16.1952|0|ERROR|Microsoft.EntityFrameworkCore.Database.Command|Failed executing DbCommand (3ms) [Parameters=[], CommandType='Text', CommandTimeout='30']
CREATE TABLE `AspNetRoles` (
    `Id` varchar(255) CHARACTER SET utf8mb4 NOT NULL,
    `Name` varchar(256) CHARACTER SET utf8mb4 NULL,
    `NormalizedName` varchar(256) CHARACTER SET utf8mb4 NULL,
    `ConcurrencyStamp` longtext CHARACTER SET utf8mb4 NULL,
    CONSTRAINT `PK_AspNetRoles` PRIMARY KEY (`Id`)
) CHARACTER SET=utf8mb4; 
2023-11-29 14:54:03.2916|0|ERROR|KPFS.Web.Filters.ApiExceptionFilter|System.NullReferenceException: Object reference not set to an instance of an object.
   at KPFS.Web.Controllers.AuthenticationController.Login(LoginRequestDto loginModel) in D:\Projects\KPFS\KPFS.Web\Controllers\AuthenticationController.cs:line 111
   at lambda_method6(Closure , Object )
   at Microsoft.AspNetCore.Mvc.Infrastructure.ActionMethodExecutor.AwaitableObjectResultExecutor.Execute(IActionResultTypeMapper mapper, ObjectMethodExecutor executor, Object controller, Object[] arguments)
   at Microsoft.AspNetCore.Mvc.Infrastructure.ControllerActionInvoker.<InvokeActionMethodAsync>g__Awaited|12_0(ControllerActionInvoker invoker, ValueTask`1 actionResultValueTask)
   at Microsoft.AspNetCore.Mvc.Infrastructure.ControllerActionInvoker.<InvokeNextActionFilterAsync>g__Awaited|10_0(ControllerActionInvoker invoker, Task lastTask, State next, Scope scope, Object state, Boolean isCompleted)
   at Microsoft.AspNetCore.Mvc.Infrastructure.ControllerActionInvoker.Rethrow(ActionExecutedContextSealed context)
   at Microsoft.AspNetCore.Mvc.Infrastructure.ControllerActionInvoker.Next(State& next, Scope& scope, Object& state, Boolean& isCompleted)
   at Microsoft.AspNetCore.Mvc.Infrastructure.ControllerActionInvoker.<InvokeInnerFilterAsync>g__Awaited|13_0(ControllerActionInvoker invoker, Task lastTask, State next, Scope scope, Object state, Boolean isCompleted)
   at Microsoft.AspNetCore.Mvc.Infrastructure.ResourceInvoker.<InvokeNextExceptionFilterAsync>g__Awaited|26_0(ResourceInvoker invoker, Task lastTask, State next, Scope scope, Object state, Boolean isCompleted) 
2023-11-29 14:54:53.9274|0|ERROR|KPFS.Web.Filters.ApiExceptionFilter|System.NullReferenceException: Object reference not set to an instance of an object.
   at KPFS.Web.Controllers.AuthenticationController.Login(LoginRequestDto loginModel) in D:\Projects\KPFS\KPFS.Web\Controllers\AuthenticationController.cs:line 111
   at lambda_method6(Closure , Object )
   at Microsoft.AspNetCore.Mvc.Infrastructure.ActionMethodExecutor.AwaitableObjectResultExecutor.Execute(IActionResultTypeMapper mapper, ObjectMethodExecutor executor, Object controller, Object[] arguments)
   at Microsoft.AspNetCore.Mvc.Infrastructure.ControllerActionInvoker.<InvokeActionMethodAsync>g__Awaited|12_0(ControllerActionInvoker invoker, ValueTask`1 actionResultValueTask)
   at Microsoft.AspNetCore.Mvc.Infrastructure.ControllerActionInvoker.<InvokeNextActionFilterAsync>g__Awaited|10_0(ControllerActionInvoker invoker, Task lastTask, State next, Scope scope, Object state, Boolean isCompleted)
   at Microsoft.AspNetCore.Mvc.Infrastructure.ControllerActionInvoker.Rethrow(ActionExecutedContextSealed context)
   at Microsoft.AspNetCore.Mvc.Infrastructure.ControllerActionInvoker.Next(State& next, Scope& scope, Object& state, Boolean& isCompleted)
   at Microsoft.AspNetCore.Mvc.Infrastructure.ControllerActionInvoker.<InvokeInnerFilterAsync>g__Awaited|13_0(ControllerActionInvoker invoker, Task lastTask, State next, Scope scope, Object state, Boolean isCompleted)
   at Microsoft.AspNetCore.Mvc.Infrastructure.ResourceInvoker.<InvokeNextExceptionFilterAsync>g__Awaited|26_0(ResourceInvoker invoker, Task lastTask, State next, Scope scope, Object state, Boolean isCompleted) 
2023-11-29 14:59:10.4556|0|ERROR|KPFS.Web.Filters.ApiExceptionFilter|System.NullReferenceException: Object reference not set to an instance of an object.
   at KPFS.Web.Controllers.AuthenticationController.Login(LoginRequestDto loginModel) in D:\Projects\KPFS\KPFS.Web\Controllers\AuthenticationController.cs:line 111
   at lambda_method6(Closure , Object )
   at Microsoft.AspNetCore.Mvc.Infrastructure.ActionMethodExecutor.AwaitableObjectResultExecutor.Execute(IActionResultTypeMapper mapper, ObjectMethodExecutor executor, Object controller, Object[] arguments)
   at Microsoft.AspNetCore.Mvc.Infrastructure.ControllerActionInvoker.<InvokeActionMethodAsync>g__Awaited|12_0(ControllerActionInvoker invoker, ValueTask`1 actionResultValueTask)
   at Microsoft.AspNetCore.Mvc.Infrastructure.ControllerActionInvoker.<InvokeNextActionFilterAsync>g__Awaited|10_0(ControllerActionInvoker invoker, Task lastTask, State next, Scope scope, Object state, Boolean isCompleted)
   at Microsoft.AspNetCore.Mvc.Infrastructure.ControllerActionInvoker.Rethrow(ActionExecutedContextSealed context)
   at Microsoft.AspNetCore.Mvc.Infrastructure.ControllerActionInvoker.Next(State& next, Scope& scope, Object& state, Boolean& isCompleted)
   at Microsoft.AspNetCore.Mvc.Infrastructure.ControllerActionInvoker.<InvokeInnerFilterAsync>g__Awaited|13_0(ControllerActionInvoker invoker, Task lastTask, State next, Scope scope, Object state, Boolean isCompleted)
   at Microsoft.AspNetCore.Mvc.Infrastructure.ResourceInvoker.<InvokeNextExceptionFilterAsync>g__Awaited|26_0(ResourceInvoker invoker, Task lastTask, State next, Scope scope, Object state, Boolean isCompleted) 
2023-11-29 15:08:49.9412|0|ERROR|Microsoft.EntityFrameworkCore.Database.Command|Failed executing DbCommand (9ms) [Parameters=[], CommandType='Text', CommandTimeout='30']
INSERT INTO `FundHouses` (`Id`, `CreatedBy`, `CreatedOn`, `DeletedBy`, `DeletedOn`, `IsDeleted`, `Name`, `UpdatedBy`, `UpdatedOn`)
VALUES (1, '668f96df-8e03-11ee-b507-e86a64b47aae', TIMESTAMP '2023-11-29 09:38:36', NULL, NULL, FALSE, 'KPFS Fund House', NULL, NULL); 
2023-11-29 15:09:33.8868|0|ERROR|Microsoft.EntityFrameworkCore.Database.Command|Failed executing DbCommand (8ms) [Parameters=[], CommandType='Text', CommandTimeout='30']
CREATE TABLE `AspNetRoles` (
    `Id` varchar(255) CHARACTER SET utf8mb4 NOT NULL,
    `Name` varchar(256) CHARACTER SET utf8mb4 NULL,
    `NormalizedName` varchar(256) CHARACTER SET utf8mb4 NULL,
    `ConcurrencyStamp` longtext CHARACTER SET utf8mb4 NULL,
    CONSTRAINT `PK_AspNetRoles` PRIMARY KEY (`Id`)
) CHARACTER SET=utf8mb4; 
